<?xml version="1.0" encoding="UTF-8"?>
<!-- Generated by org.testng.reporters.JUnitReportReporter -->
<testsuite skipped="0" hostname="LAPTOP-FR81P7PN" name="com.testng.concepts.ParameterisedDemo" tests="1" failures="0" timestamp="2020-11-19T13:50:33 IST" time="0.015" errors="0">
  <testcase name="logIn" time="0.015" classname="com.testng.concepts.ParameterisedDemo"/>
</testsuite> <!-- com.testng.concepts.ParameterisedDemo -->
