<?xml version="1.0" encoding="UTF-8"?>
<!-- Generated by org.testng.reporters.JUnitReportReporter -->
<testsuite skipped="0" hostname="LAPTOP-FR81P7PN" name="com.testng.concepts.DependencyDemo" tests="3" failures="0" timestamp="2020-11-19T09:10:43 IST" time="0.000" errors="0">
  <testcase name="searchWatch" time="0.000" classname="com.testng.concepts.DependencyDemo"/>
  <testcase name="searchMobile" time="0.000" classname="com.testng.concepts.DependencyDemo"/>
  <testcase name="searchLaptop" time="0.000" classname="com.testng.concepts.DependencyDemo"/>
</testsuite> <!-- com.testng.concepts.DependencyDemo -->
