<?xml version="1.0" encoding="UTF-8"?>
<!-- Generated by org.testng.reporters.JUnitReportReporter -->
<testsuite skipped="0" hostname="LAPTOP-FR81P7PN" name="com.testng.concepts.DataProviderTest" tests="3" failures="0" timestamp="2020-12-24T09:56:17 IST" time="0.020" errors="0">
  <testcase name="logIn" time="0.000" classname="com.testng.concepts.DataProviderTest"/>
  <testcase name="logIn" time="0.015" classname="com.testng.concepts.DataProviderTest"/>
  <testcase name="logIn" time="0.005" classname="com.testng.concepts.DataProviderTest"/>
</testsuite> <!-- com.testng.concepts.DataProviderTest -->
