<?xml version="1.0" encoding="UTF-8"?>
<!-- Generated by org.testng.reporters.JUnitReportReporter -->
<testsuite skipped="0" hostname="LAPTOP-FR81P7PN" name="com.testng.concepts.InvocationDemo" tests="8" failures="0" timestamp="2020-11-19T09:15:13 IST" time="0.016" errors="0">
  <testcase name="searchLaptop" time="0.001" classname="com.testng.concepts.InvocationDemo"/>
  <testcase name="searchLaptop" time="0.001" classname="com.testng.concepts.InvocationDemo"/>
  <testcase name="searchMobile" time="0.001" classname="com.testng.concepts.InvocationDemo"/>
  <testcase name="searchMobile" time="0.001" classname="com.testng.concepts.InvocationDemo"/>
  <testcase name="searchMobile" time="0.001" classname="com.testng.concepts.InvocationDemo"/>
  <testcase name="searchLaptop" time="0.011" classname="com.testng.concepts.InvocationDemo"/>
  <testcase name="searchMobile" time="0.000" classname="com.testng.concepts.InvocationDemo"/>
  <testcase name="searchMobile" time="0.000" classname="com.testng.concepts.InvocationDemo"/>
</testsuite> <!-- com.testng.concepts.InvocationDemo -->
