<?xml version="1.0" encoding="UTF-8"?>
<!-- Generated by org.testng.reporters.JUnitReportReporter -->
<testsuite skipped="0" hostname="LAPTOP-FR81P7PN" name="com.testng.concepts.ParallelTest" tests="2" failures="0" timestamp="2020-12-01T15:01:02 IST" time="9.440" errors="0">
  <testcase name="flipKart" time="2.380" classname="com.testng.concepts.ParallelTest"/>
  <testcase name="amazonTest" time="7.060" classname="com.testng.concepts.ParallelTest"/>
</testsuite> <!-- com.testng.concepts.ParallelTest -->
