<?xml version="1.0" encoding="UTF-8"?>
<!-- Generated by org.testng.reporters.JUnitReportReporter -->
<testsuite skipped="0" hostname="LAPTOP-FR81P7PN" name="com.test.concepts.PriorityTest" tests="5" failures="0" timestamp="2021-03-08T12:57:18 IST" time="0.014" errors="0">
  <testcase name="searchLaptop" time="0.011" classname="com.test.concepts.PriorityTest"/>
  <testcase name="searchTv" time="0.001" classname="com.test.concepts.PriorityTest"/>
  <testcase name="searchFruits" time="0.000" classname="com.test.concepts.PriorityTest"/>
  <testcase name="searchWatch" time="0.001" classname="com.test.concepts.PriorityTest"/>
  <testcase name="searchMobile" time="0.001" classname="com.test.concepts.PriorityTest"/>
</testsuite> <!-- com.test.concepts.PriorityTest -->
