<?xml version="1.0" encoding="UTF-8"?>
<!-- Generated by org.testng.reporters.JUnitReportReporter -->
<testsuite skipped="0" hostname="LAPTOP-FR81P7PN" name="com.testng.consepts.SimpleAnnotations" tests="2" failures="0" timestamp="2020-11-17T11:44:12 IST" time="0.006" errors="0">
  <testcase name="searchLaptop" time="0.005" classname="com.testng.consepts.SimpleAnnotations"/>
  <testcase name="searchMobile" time="0.001" classname="com.testng.consepts.SimpleAnnotations"/>
</testsuite> <!-- com.testng.consepts.SimpleAnnotations -->
