<?xml version="1.0" encoding="UTF-8"?>
<!-- Generated by org.testng.reporters.JUnitReportReporter -->
<testsuite skipped="0" hostname="LAPTOP-FR81P7PN" name="com.testng.concepts.ParameterisedTest" tests="1" failures="0" timestamp="2020-12-01T15:07:43 IST" time="0.012" errors="0">
  <testcase name="logIn" time="0.012" classname="com.testng.concepts.ParameterisedTest"/>
</testsuite> <!-- com.testng.concepts.ParameterisedTest -->
