<?xml version="1.0" encoding="UTF-8"?>
<!-- Generated by org.testng.reporters.JUnitReportReporter -->
<testsuite skipped="0" hostname="LAPTOP-FR81P7PN" name="com.test.feature.GroupTest" tests="2" failures="0" timestamp="2021-10-16T13:57:03 IST" time="0.010" errors="0">
  <testcase name="git1" time="0.010" classname="com.test.feature.GroupTest"/>
  <testcase name="git2" time="0.000" classname="com.test.feature.GroupTest"/>
</testsuite> <!-- com.test.feature.GroupTest -->
