<?xml version="1.0" encoding="UTF-8"?>
<!-- Generated by org.testng.reporters.JUnitReportReporter -->
<testsuite skipped="1" hostname="LAPTOP-FR81P7PN" name="com.test.concepts.IgnoreDemo" tests="3" failures="0" timestamp="2020-11-23T16:18:49 IST" time="0.009" errors="0">
  <testcase name="searchTv" time="0.001" classname="com.test.concepts.IgnoreDemo"/>
  <testcase name="searchMobile" time="0.008" classname="com.test.concepts.IgnoreDemo"/>
  <testcase name="searchLaptop" classname="com.test.concepts.IgnoreDemo">
    <skipped/>
  </testcase> <!-- searchLaptop -->
</testsuite> <!-- com.test.concepts.IgnoreDemo -->
