<?xml version="1.0" encoding="UTF-8"?>
<!-- Generated by org.testng.reporters.JUnitReportReporter -->
<testsuite skipped="0" hostname="LAPTOP-FR81P7PN" name="com.testng.concepts.AssertVerifyTest" tests="2" failures="0" timestamp="2020-11-20T14:24:19 IST" time="6.056" errors="0">
  <testcase name="test" time="6.048" classname="com.testng.concepts.AssertVerifyTest"/>
  <testcase name="test2" time="0.008" classname="com.testng.concepts.AssertVerifyTest"/>
</testsuite> <!-- com.testng.concepts.AssertVerifyTest -->
