<?xml version="1.0" encoding="UTF-8"?>
<!-- Generated by org.testng.reporters.JUnitReportReporter -->
<testsuite skipped="0" hostname="LAPTOP-FR81P7PN" name="com.testng.concepts.AssertTest" tests="1" failures="0" timestamp="2020-11-20T17:48:03 IST" time="9.304" errors="0">
  <testcase name="login" time="9.304" classname="com.testng.concepts.AssertTest"/>
</testsuite> <!-- com.testng.concepts.AssertTest -->
