<?xml version="1.0" encoding="UTF-8"?>
<!-- Generated by org.testng.reporters.JUnitReportReporter -->
<testsuite skipped="0" hostname="LAPTOP-FR81P7PN" name="com.testng.annotations.SimpleAnnotations" tests="2" failures="0" timestamp="2021-10-18T09:59:01 IST" time="0.019" errors="0">
  <testcase name="searchLaptop" time="0.014" classname="com.testng.annotations.SimpleAnnotations"/>
  <testcase name="searchWatch" time="0.005" classname="com.testng.annotations.SimpleAnnotations"/>
</testsuite> <!-- com.testng.annotations.SimpleAnnotations -->
