<?xml version="1.0" encoding="UTF-8"?>
<!-- Generated by org.testng.reporters.JUnitReportReporter -->
<testsuite skipped="0" hostname="LAPTOP-FR81P7PN" name="MavenProject.TConcepts.SimpleAnnotations" tests="2" failures="0" timestamp="2020-07-27T21:57:40 IST" time="0.013" errors="0">
  <testcase name="searchLaptop" time="0.010" classname="MavenProject.TConcepts.SimpleAnnotations"/>
  <testcase name="searchMobile" time="0.003" classname="MavenProject.TConcepts.SimpleAnnotations"/>
</testsuite> <!-- MavenProject.TConcepts.SimpleAnnotations -->
