<?xml version="1.0" encoding="UTF-8"?>
<!-- Generated by org.testng.reporters.JUnitReportReporter -->
<testsuite skipped="0" hostname="LAPTOP-FR81P7PN" name="com.test.concepts.InvocationTest" tests="9" failures="0" timestamp="2022-05-07T11:35:02 IST" time="0.016" errors="0">
  <testcase name="searchMobile" time="0.000" classname="com.test.concepts.InvocationTest"/>
  <testcase name="searchMobile" time="0.000" classname="com.test.concepts.InvocationTest"/>
  <testcase name="searchWatch" time="0.000" classname="com.test.concepts.InvocationTest"/>
  <testcase name="searchMobile" time="0.000" classname="com.test.concepts.InvocationTest"/>
  <testcase name="searchMobile" time="0.000" classname="com.test.concepts.InvocationTest"/>
  <testcase name="searchWatch" time="0.000" classname="com.test.concepts.InvocationTest"/>
  <testcase name="searchLaptop" time="0.016" classname="com.test.concepts.InvocationTest"/>
  <testcase name="searchMobile" time="0.000" classname="com.test.concepts.InvocationTest"/>
  <testcase name="searchWatch" time="0.000" classname="com.test.concepts.InvocationTest"/>
</testsuite> <!-- com.test.concepts.InvocationTest -->
