<?xml version="1.0" encoding="UTF-8"?>
<!-- Generated by org.testng.reporters.JUnitReportReporter -->
<testsuite skipped="0" hostname="LAPTOP-FR81P7PN" name="com.testng.concepts.TimeOutDemo" tests="2" failures="0" timestamp="2020-11-19T09:22:15 IST" time="0.924" errors="1">
  <testcase name="searchMobile" time="0.403" classname="com.testng.concepts.TimeOutDemo"/>
  <testcase name="searchLaptop" time="0.521" classname="com.testng.concepts.TimeOutDemo">
    <error type="org.testng.internal.thread.ThreadTimeoutException" message="Method com.testng.concepts.TimeOutDemo.searchLaptop() didn&#039;t finish within the time-out 500">
      <![CDATA[org.testng.internal.thread.ThreadTimeoutException: Method com.testng.concepts.TimeOutDemo.searchLaptop() didn't finish within the time-out 500
at sun.misc.Unsafe.compareAndSwapInt(Native Method)
at java.util.concurrent.locks.AbstractQueuedSynchronizer.compareAndSetState(AbstractQueuedSynchronizer.java:566)
at java.util.concurrent.locks.ReentrantLock$NonfairSync.lock(ReentrantLock.java:206)
at java.util.concurrent.locks.ReentrantLock.lock(ReentrantLock.java:285)
at java.util.concurrent.ThreadPoolExecutor.tryTerminate(ThreadPoolExecutor.java:709)
at java.util.concurrent.ThreadPoolExecutor.processWorkerExit(ThreadPoolExecutor.java:1014)
at java.util.concurrent.ThreadPoolExecutor.runWorker(ThreadPoolExecutor.java:1167)
at java.util.concurrent.ThreadPoolExecutor$Worker.run(ThreadPoolExecutor.java:624)
at java.lang.Thread.run(Thread.java:748)
]]>
    </error>
  </testcase> <!-- searchLaptop -->
</testsuite> <!-- com.testng.concepts.TimeOutDemo -->
