<?xml version="1.0" encoding="UTF-8"?>
<!-- Generated by org.testng.reporters.JUnitReportReporter -->
<testsuite skipped="0" hostname="LAPTOP-FR81P7PN" name="com.test.concepts.DependencyTest" tests="3" failures="0" timestamp="2022-05-07T11:27:20 IST" time="0.015" errors="0">
  <testcase name="searchWatch" time="0.015" classname="com.test.concepts.DependencyTest"/>
  <testcase name="searchLaptop" time="0.000" classname="com.test.concepts.DependencyTest"/>
  <testcase name="searchMobile" time="0.000" classname="com.test.concepts.DependencyTest"/>
</testsuite> <!-- com.test.concepts.DependencyTest -->
