<?xml version="1.0" encoding="UTF-8"?>
<!-- Generated by org.testng.reporters.JUnitReportReporter -->
<testsuite skipped="0" hostname="LAPTOP-FR81P7PN" name="com.testng.concepts.GroupTest" tests="2" failures="0" timestamp="2020-12-19T22:12:00 IST" time="0.024" errors="0">
  <testcase name="seleniumTest1" time="0.024" classname="com.testng.concepts.GroupTest"/>
  <testcase name="seleniumTest2" time="0.000" classname="com.testng.concepts.GroupTest"/>
</testsuite> <!-- com.testng.concepts.GroupTest -->
