<?xml version="1.0" encoding="UTF-8"?>
<!-- Generated by org.testng.reporters.JUnitReportReporter -->
<testsuite skipped="0" hostname="LAPTOP-FR81P7PN" name="com.test.concepts.DependencyTest" tests="3" failures="0" timestamp="2021-03-08T13:03:05 IST" time="0.018" errors="0">
  <testcase name="searchMobile" time="0.004" classname="com.test.concepts.DependencyTest"/>
  <testcase name="searchLaptop" time="0.003" classname="com.test.concepts.DependencyTest"/>
  <testcase name="searchWatch" time="0.011" classname="com.test.concepts.DependencyTest"/>
</testsuite> <!-- com.test.concepts.DependencyTest -->
