<?xml version="1.0" encoding="UTF-8"?>
<!-- Generated by org.testng.reporters.JUnitReportReporter -->
<testsuite skipped="0" hostname="LAPTOP-FR81P7PN" name="com.testng.concepts.DependencyTest" tests="3" failures="0" timestamp="2021-03-01T17:23:52 IST" time="0.030" errors="0">
  <testcase name="searchWatch" time="0.026" classname="com.testng.concepts.DependencyTest"/>
  <testcase name="searchLaptop" time="0.001" classname="com.testng.concepts.DependencyTest"/>
  <testcase name="searchMobile" time="0.003" classname="com.testng.concepts.DependencyTest"/>
</testsuite> <!-- com.testng.concepts.DependencyTest -->
