<?xml version="1.0" encoding="UTF-8"?>
<!-- Generated by org.testng.reporters.JUnitReportReporter -->
<testsuite skipped="0" hostname="LAPTOP-FR81P7PN" name="com.testng.concepts.SimpleAnnotation" tests="2" failures="0" timestamp="2021-02-07T07:02:35 IST" time="0.015" errors="0">
  <testcase name="searchLaptop" time="0.012" classname="com.testng.concepts.SimpleAnnotation"/>
  <testcase name="searchMobile" time="0.003" classname="com.testng.concepts.SimpleAnnotation"/>
</testsuite> <!-- com.testng.concepts.SimpleAnnotation -->
