<?xml version="1.0" encoding="UTF-8"?>
<!-- Generated by org.testng.reporters.JUnitReportReporter -->
<testsuite skipped="0" hostname="LAPTOP-FR81P7PN" name="com.testng.concepts.PriorityTest" tests="5" failures="0" timestamp="2021-03-01T17:22:46 IST" time="0.034" errors="0">
  <testcase name="searchWatch" time="0.026" classname="com.testng.concepts.PriorityTest"/>
  <testcase name="searchfruits" time="0.002" classname="com.testng.concepts.PriorityTest"/>
  <testcase name="searchLaptop" time="0.002" classname="com.testng.concepts.PriorityTest"/>
  <testcase name="searchTv" time="0.002" classname="com.testng.concepts.PriorityTest"/>
  <testcase name="searchMobile" time="0.002" classname="com.testng.concepts.PriorityTest"/>
</testsuite> <!-- com.testng.concepts.PriorityTest -->
