<?xml version="1.0" encoding="UTF-8"?>
<!-- Generated by org.testng.reporters.JUnitReportReporter -->
<testsuite skipped="0" hostname="LAPTOP-FR81P7PN" name="com.testng.concepts.SimpleAnnotations" tests="2" failures="0" timestamp="2021-03-22T12:57:29 IST" time="0.015" errors="0">
  <testcase name="searchLapTop" time="0.015" classname="com.testng.concepts.SimpleAnnotations"/>
  <testcase name="searchMobile" time="0.000" classname="com.testng.concepts.SimpleAnnotations"/>
</testsuite> <!-- com.testng.concepts.SimpleAnnotations -->
