<?xml version="1.0" encoding="UTF-8"?>
<!-- Generated by org.testng.reporters.JUnitReportReporter -->
<testsuite skipped="0" hostname="LAPTOP-FR81P7PN" name="com.testng.consepts.SimpleAnnotatioons" tests="2" failures="0" timestamp="2020-11-17T10:06:20 IST" time="0.007" errors="0">
  <testcase name="searchLaptop" time="0.005" classname="com.testng.consepts.SimpleAnnotatioons"/>
  <testcase name="searchMobile" time="0.002" classname="com.testng.consepts.SimpleAnnotatioons"/>
</testsuite> <!-- com.testng.consepts.SimpleAnnotatioons -->
