<?xml version="1.0" encoding="UTF-8"?>
<!-- Generated by org.testng.reporters.JUnitReportReporter -->
<testsuite skipped="0" hostname="LAPTOP-FR81P7PN" name="com.testng.concepts.Groups_Concept" tests="2" failures="0" timestamp="2021-11-22T16:04:22 IST" time="0.025" errors="0">
  <testcase name="std_Name" time="0.005" classname="com.testng.concepts.Groups_Concept"/>
  <testcase name="std_Details" time="0.020" classname="com.testng.concepts.Groups_Concept"/>
</testsuite> <!-- com.testng.concepts.Groups_Concept -->
