<?xml version="1.0" encoding="UTF-8"?>
<!-- Generated by org.testng.reporters.JUnitReportReporter -->
<testsuite skipped="0" hostname="LAPTOP-FR81P7PN" name="com.test.concepts.ExceptionTest" tests="1" failures="0" timestamp="2021-03-25T14:09:11 IST" time="0.016" errors="0">
  <testcase name="test" time="0.016" classname="com.test.concepts.ExceptionTest"/>
</testsuite> <!-- com.test.concepts.ExceptionTest -->
