<?xml version="1.0" encoding="UTF-8"?>
<!-- Generated by org.testng.reporters.JUnitReportReporter -->
<testsuite skipped="0" hostname="LAPTOP-FR81P7PN" name="com.testng.concepts.ExceptionTest" tests="1" failures="0" timestamp="2021-03-01T17:28:26 IST" time="0.019" errors="0">
  <testcase name="test" time="0.019" classname="com.testng.concepts.ExceptionTest"/>
</testsuite> <!-- com.testng.concepts.ExceptionTest -->
