<?xml version="1.0" encoding="UTF-8"?>
<!-- Generated by org.testng.reporters.JUnitReportReporter -->
<testsuite skipped="0" hostname="LAPTOP-FR81P7PN" name="com.testng.concepts.AssertDemo" tests="1" failures="0" timestamp="2020-12-08T18:15:14 IST" time="0.021" errors="0">
  <testcase name="logIn" time="0.021" classname="com.testng.concepts.AssertDemo"/>
</testsuite> <!-- com.testng.concepts.AssertDemo -->
