<?xml version="1.0" encoding="UTF-8"?>
<!-- Generated by org.testng.reporters.JUnitReportReporter -->
<testsuite skipped="2" hostname="LAPTOP-FR81P7PN" name="com.test.concepts.IgnoreTest" tests="3" failures="0" timestamp="2022-05-06T11:59:32 IST" time="0.018" errors="0">
  <testcase name="searchLaptop" time="0.018" classname="com.test.concepts.IgnoreTest"/>
  <testcase name="searchTv" classname="com.test.concepts.IgnoreTest">
    <skipped/>
  </testcase> <!-- searchTv -->
  <testcase name="searchMobile" classname="com.test.concepts.IgnoreTest">
    <skipped/>
  </testcase> <!-- searchMobile -->
</testsuite> <!-- com.test.concepts.IgnoreTest -->
