<?xml version="1.0" encoding="UTF-8"?>
<!-- Generated by org.testng.reporters.JUnitReportReporter -->
<testsuite skipped="0" hostname="LAPTOP-FR81P7PN" name="com.test.feature.ExceptionTest" tests="1" failures="0" timestamp="2021-10-12T11:35:32 IST" time="0.029" errors="0">
  <testcase name="test" time="0.029" classname="com.test.feature.ExceptionTest"/>
</testsuite> <!-- com.test.feature.ExceptionTest -->
