<?xml version="1.0" encoding="UTF-8"?>
<!-- Generated by org.testng.reporters.JUnitReportReporter -->
<testsuite skipped="0" hostname="LAPTOP-FR81P7PN" name="com.test.concepts.SimpleAnnotations" tests="2" failures="0" timestamp="2021-07-07T18:10:36 IST" time="0.016" errors="0">
  <testcase name="searchLaptop" time="0.008" classname="com.test.concepts.SimpleAnnotations"/>
  <testcase name="searchMobile" time="0.008" classname="com.test.concepts.SimpleAnnotations"/>
</testsuite> <!-- com.test.concepts.SimpleAnnotations -->
