<?xml version="1.0" encoding="UTF-8"?>
<!-- Generated by org.testng.reporters.JUnitReportReporter -->
<testsuite skipped="0" hostname="LAPTOP-FR81P7PN" name="com.test.concepts.TimeOutTest" tests="2" failures="0" timestamp="2022-05-07T11:41:33 IST" time="1.568" errors="1">
  <testcase name="searchMobile" time="1.030" classname="com.test.concepts.TimeOutTest"/>
  <testcase name="searchLaptop" time="0.538" classname="com.test.concepts.TimeOutTest">
    <error type="org.testng.internal.thread.ThreadTimeoutException" message="Method com.test.concepts.TimeOutTest.searchLaptop() didn&#039;t finish within the time-out 500">
      <![CDATA[org.testng.internal.thread.ThreadTimeoutException: Method com.test.concepts.TimeOutTest.searchLaptop() didn't finish within the time-out 500
at java.util.concurrent.ThreadPoolExecutor.runWorker(ThreadPoolExecutor.java:1134)
at java.util.concurrent.ThreadPoolExecutor$Worker.run(ThreadPoolExecutor.java:624)
at java.lang.Thread.run(Thread.java:748)
]]>
    </error>
  </testcase> <!-- searchLaptop -->
</testsuite> <!-- com.test.concepts.TimeOutTest -->
