<?xml version="1.0" encoding="UTF-8"?>
<!-- Generated by org.testng.reporters.JUnitReportReporter -->
<testsuite skipped="0" hostname="LAPTOP-FR81P7PN" name="com.testng.concepts.DataProviderDemo" tests="3" failures="0" timestamp="2020-12-07T15:01:54 IST" time="0.019" errors="0">
  <testcase name="login" time="0.002" classname="com.testng.concepts.DataProviderDemo"/>
  <testcase name="login" time="0.016" classname="com.testng.concepts.DataProviderDemo"/>
  <testcase name="login" time="0.001" classname="com.testng.concepts.DataProviderDemo"/>
</testsuite> <!-- com.testng.concepts.DataProviderDemo -->
