<?xml version="1.0" encoding="UTF-8"?>
<!-- Generated by org.testng.reporters.JUnitReportReporter -->
<testsuite skipped="0" hostname="LAPTOP-FR81P7PN" name="com.test.concepts.AssertDemo" tests="1" failures="0" timestamp="2021-11-26T15:02:41 IST" time="0.016" errors="0">
  <testcase name="test1" time="0.016" classname="com.test.concepts.AssertDemo"/>
</testsuite> <!-- com.test.concepts.AssertDemo -->
