<?xml version="1.0" encoding="UTF-8"?>
<!-- Generated by org.testng.reporters.JUnitReportReporter -->
<testsuite skipped="0" hostname="LAPTOP-FR81P7PN" name="com.testng.concepts.GroupingTest" tests="4" failures="0" timestamp="2020-11-17T23:36:56 IST" time="0.000" errors="0">
  <testcase name="seleniumTest2" time="0.000" classname="com.testng.concepts.GroupingTest"/>
  <testcase name="APITest2" time="0.000" classname="com.testng.concepts.GroupingTest"/>
  <testcase name="APITest1" time="0.000" classname="com.testng.concepts.GroupingTest"/>
  <testcase name="seleniumTest1" time="0.000" classname="com.testng.concepts.GroupingTest"/>
</testsuite> <!-- com.testng.concepts.GroupingTest -->
