<?xml version="1.0" encoding="UTF-8"?>
<!-- Generated by org.testng.reporters.JUnitReportReporter -->
<testsuite skipped="2" hostname="LAPTOP-FR81P7PN" name="com.testng.concepts.IgnoreTest" tests="3" failures="0" timestamp="2021-03-22T13:00:19 IST" time="0.031" errors="0">
  <testcase name="searchLaptop" time="0.031" classname="com.testng.concepts.IgnoreTest"/>
  <testcase name="searchMobile" classname="com.testng.concepts.IgnoreTest">
    <skipped/>
  </testcase> <!-- searchMobile -->
  <testcase name="test1" classname="com.testng.concepts.IgnoreTest">
    <skipped/>
  </testcase> <!-- test1 -->
</testsuite> <!-- com.testng.concepts.IgnoreTest -->
