<?xml version="1.0" encoding="UTF-8"?>
<!-- Generated by org.testng.reporters.JUnitReportReporter -->
<testsuite skipped="0" hostname="LAPTOP-FR81P7PN" name="com.testng.concepts.ExceptionDemo" tests="1" failures="0" timestamp="2020-11-19T09:28:41 IST" time="0.010" errors="0">
  <testcase name="searchLaptop" time="0.010" classname="com.testng.concepts.ExceptionDemo"/>
</testsuite> <!-- com.testng.concepts.ExceptionDemo -->
