<?xml version="1.0" encoding="UTF-8"?>
<!-- Generated by org.testng.reporters.JUnitReportReporter -->
<testsuite skipped="0" hostname="LAPTOP-FR81P7PN" name="com.test.concepts.ExceptionTest" tests="2" failures="0" timestamp="2022-05-07T12:01:16 IST" time="0.000" errors="0">
  <testcase name="test" time="0.000" classname="com.test.concepts.ExceptionTest"/>
  <testcase name="test2" time="0.000" classname="com.test.concepts.ExceptionTest"/>
</testsuite> <!-- com.test.concepts.ExceptionTest -->
