<?xml version="1.0" encoding="UTF-8"?>
<!-- Generated by org.testng.reporters.JUnitReportReporter -->
<testsuite skipped="0" hostname="LAPTOP-FR81P7PN" name="com.testng.concepts.DependsOnGroups" tests="6" failures="0" timestamp="2020-07-28T14:42:55 IST" time="0.019" errors="0">
  <testcase name="update" time="0.002" classname="com.testng.concepts.DependsOnGroups"/>
  <testcase name="init" time="0.012" classname="com.testng.concepts.DependsOnGroups"/>
  <testcase name="insert" time="0.001" classname="com.testng.concepts.DependsOnGroups"/>
  <testcase name="select" time="0.002" classname="com.testng.concepts.DependsOnGroups"/>
  <testcase name="delete" time="0.001" classname="com.testng.concepts.DependsOnGroups"/>
  <testcase name="cleanup" time="0.001" classname="com.testng.concepts.DependsOnGroups"/>
</testsuite> <!-- com.testng.concepts.DependsOnGroups -->
