<?xml version="1.0" encoding="UTF-8"?>
<!-- Generated by org.testng.reporters.JUnitReportReporter -->
<testsuite skipped="2" hostname="LAPTOP-FR81P7PN" name="com.testng.annotations.IgnoreTest" tests="3" failures="0" timestamp="2021-10-19T11:41:52 IST" time="0.016" errors="0">
  <testcase name="searchMobile" time="0.016" classname="com.testng.annotations.IgnoreTest"/>
  <testcase name="searchWatch" classname="com.testng.annotations.IgnoreTest">
    <skipped/>
  </testcase> <!-- searchWatch -->
  <testcase name="searchFruits" classname="com.testng.annotations.IgnoreTest">
    <skipped/>
  </testcase> <!-- searchFruits -->
</testsuite> <!-- com.testng.annotations.IgnoreTest -->
