<?xml version="1.0" encoding="UTF-8"?>
<!-- Generated by org.testng.reporters.JUnitReportReporter -->
<testsuite skipped="0" hostname="LAPTOP-FR81P7PN" name="com.test.concepts.IgnoreTest" tests="1" failures="0" timestamp="2021-03-08T12:52:53 IST" time="0.012" errors="0">
  <testcase name="searchTv" time="0.012" classname="com.test.concepts.IgnoreTest"/>
</testsuite> <!-- com.test.concepts.IgnoreTest -->
