<?xml version="1.0" encoding="UTF-8"?>
<!-- Generated by org.testng.reporters.JUnitReportReporter -->
<testsuite skipped="0" hostname="LAPTOP-FR81P7PN" name="com.testng.concepts.InvocationTest" tests="6" failures="0" timestamp="2021-03-01T17:24:55 IST" time="0.031" errors="0">
  <testcase name="searchLaptop" time="0.002" classname="com.testng.concepts.InvocationTest"/>
  <testcase name="searchLaptop" time="0.004" classname="com.testng.concepts.InvocationTest"/>
  <testcase name="searchMobile" time="0.003" classname="com.testng.concepts.InvocationTest"/>
  <testcase name="searchWatch" time="0.002" classname="com.testng.concepts.InvocationTest"/>
  <testcase name="searchLaptop" time="0.018" classname="com.testng.concepts.InvocationTest"/>
  <testcase name="searchWatch" time="0.002" classname="com.testng.concepts.InvocationTest"/>
</testsuite> <!-- com.testng.concepts.InvocationTest -->
