<?xml version="1.0" encoding="UTF-8"?>
<!-- Generated by org.testng.reporters.JUnitReportReporter -->
<testsuite skipped="0" hostname="LAPTOP-FR81P7PN" name="com.testng.concepts.ParallelDemo" tests="2" failures="0" timestamp="2020-11-19T09:38:30 IST" time="8.269" errors="0">
  <testcase name="test1" time="6.475" classname="com.testng.concepts.ParallelDemo"/>
  <testcase name="test2" time="1.794" classname="com.testng.concepts.ParallelDemo"/>
</testsuite> <!-- com.testng.concepts.ParallelDemo -->
