<?xml version="1.0" encoding="UTF-8"?>
<!-- Generated by org.testng.reporters.JUnitReportReporter -->
<testsuite skipped="0" hostname="LAPTOP-FR81P7PN" name="com.test.concepts.DataProviderTest" tests="3" failures="0" timestamp="2021-12-02T13:04:42 IST" time="0.010" errors="0">
  <testcase name="logIn" time="0.001" classname="com.test.concepts.DataProviderTest"/>
  <testcase name="logIn" time="0.009" classname="com.test.concepts.DataProviderTest"/>
  <testcase name="logIn" time="0.000" classname="com.test.concepts.DataProviderTest"/>
</testsuite> <!-- com.test.concepts.DataProviderTest -->
