<?xml version="1.0" encoding="UTF-8"?>
<!-- Generated by org.testng.reporters.JUnitReportReporter -->
<testsuite skipped="0" hostname="LAPTOP-FR81P7PN" name="com.test.concepts.ParallelTest" tests="2" failures="0" timestamp="2021-03-02T06:56:12 IST" time="43.756" errors="0">
  <testcase name="flipKart" time="16.773" classname="com.test.concepts.ParallelTest"/>
  <testcase name="amazonTest" time="26.983" classname="com.test.concepts.ParallelTest"/>
</testsuite> <!-- com.test.concepts.ParallelTest -->
