<?xml version="1.0" encoding="UTF-8"?>
<!-- Generated by org.testng.reporters.JUnitReportReporter -->
<testsuite skipped="0" hostname="LAPTOP-FR81P7PN" name="com.test.concepts.InvocationTest" tests="7" failures="0" timestamp="2021-03-02T06:56:12 IST" time="0.002" errors="0">
  <testcase name="searchMobile" time="0.000" classname="com.test.concepts.InvocationTest"/>
  <testcase name="searchMobile" time="0.000" classname="com.test.concepts.InvocationTest"/>
  <testcase name="searchMobile" time="0.001" classname="com.test.concepts.InvocationTest"/>
  <testcase name="searchLaptop" time="0.001" classname="com.test.concepts.InvocationTest"/>
  <testcase name="searchWatch" time="0.000" classname="com.test.concepts.InvocationTest"/>
  <testcase name="searchMobile" time="0.000" classname="com.test.concepts.InvocationTest"/>
  <testcase name="searchLaptop" time="0.000" classname="com.test.concepts.InvocationTest"/>
</testsuite> <!-- com.test.concepts.InvocationTest -->
