<?xml version="1.0" encoding="UTF-8"?>
<!-- Generated by org.testng.reporters.JUnitReportReporter -->
<testsuite skipped="0" hostname="LAPTOP-FR81P7PN" name="com.test.concepts.TimeOutTest" tests="2" failures="0" timestamp="2021-03-02T06:56:12 IST" time="3.002" errors="0">
  <testcase name="searchMobile" time="1.002" classname="com.test.concepts.TimeOutTest"/>
  <testcase name="searchLaptop" time="2.000" classname="com.test.concepts.TimeOutTest"/>
</testsuite> <!-- com.test.concepts.TimeOutTest -->
