<?xml version="1.0" encoding="UTF-8"?>
<!-- Generated by org.testng.reporters.JUnitReportReporter -->
<testsuite skipped="2" hostname="LAPTOP-FR81P7PN" name="com.test.concepts.IgnoreTest" tests="3" failures="0" timestamp="2021-03-02T06:56:12 IST" time="0.001" errors="0">
  <testcase name="searchTv" time="0.001" classname="com.test.concepts.IgnoreTest"/>
  <testcase name="searchLaptop" classname="com.test.concepts.IgnoreTest">
    <skipped/>
  </testcase> <!-- searchLaptop -->
  <testcase name="searchMobile" classname="com.test.concepts.IgnoreTest">
    <skipped/>
  </testcase> <!-- searchMobile -->
</testsuite> <!-- com.test.concepts.IgnoreTest -->
